<?xml version="1.0" encoding="UTF-8"?>
<testExecutions version="1">
  <file path="/home/kokiku/Sources/me/angular-webpack-docker-nginx/src/app/app.component.spec.ts">
  </file>
</testExecutions>